{"timestamp":"2025-09-25T15:07:46.660073","level":"info","event":"DAG bundles loaded: dags-folder","logger":"airflow.dag_processing.bundles.manager.DagBundlesManager"}
{"timestamp":"2025-09-25T15:07:46.672362","level":"info","event":"Filling up the DagBag from /opt/airflow/dags/p_spotipy.py","logger":"airflow.models.dagbag.DagBag"}
{"timestamp":"2025-09-25T15:07:58.916035Z","level":"info","event":"sql here","chan":"stdout","logger":"task"}
{"timestamp":"2025-09-25T15:07:59.029975Z","level":"info","event":"Connected to DB","chan":"stdout","logger":"task"}
{"timestamp":"2025-09-25T15:07:59.057230Z","level":"info","event":"successful for artist and track","chan":"stdout","logger":"task"}
{"timestamp":"2025-09-25T15:07:59.069285Z","level":"info","event":"sql here","chan":"stdout","logger":"task"}
{"timestamp":"2025-09-25T15:07:59.072357Z","level":"info","event":"Connected to DB","chan":"stdout","logger":"task"}
{"timestamp":"2025-09-25T15:07:59.086543Z","level":"info","event":"successful for artist and track","chan":"stdout","logger":"task"}
{"timestamp":"2025-09-25T15:07:59.100047Z","level":"info","event":"sql here","chan":"stdout","logger":"task"}
{"timestamp":"2025-09-25T15:07:59.102076Z","level":"info","event":"Connected to DB","chan":"stdout","logger":"task"}
{"timestamp":"2025-09-25T15:07:59.109475Z","level":"info","event":"successful for artist and track","chan":"stdout","logger":"task"}
{"timestamp":"2025-09-25T15:07:59.121717Z","level":"info","event":"sql here","chan":"stdout","logger":"task"}
{"timestamp":"2025-09-25T15:07:59.124181Z","level":"info","event":"Connected to DB","chan":"stdout","logger":"task"}
{"timestamp":"2025-09-25T15:07:59.133412Z","level":"info","event":"successful for artist and track","chan":"stdout","logger":"task"}
{"timestamp":"2025-09-25T15:07:59.143990Z","level":"info","event":"sql here","chan":"stdout","logger":"task"}
{"timestamp":"2025-09-25T15:07:59.147529Z","level":"info","event":"Connected to DB","chan":"stdout","logger":"task"}
{"timestamp":"2025-09-25T15:07:59.155469Z","level":"info","event":"successful for artist and track","chan":"stdout","logger":"task"}
{"timestamp":"2025-09-25T15:07:59.164791Z","level":"info","event":"sql here","chan":"stdout","logger":"task"}
{"timestamp":"2025-09-25T15:07:59.166494Z","level":"info","event":"Connected to DB","chan":"stdout","logger":"task"}
{"timestamp":"2025-09-25T15:07:59.175199Z","level":"info","event":"successful for artist and track","chan":"stdout","logger":"task"}
{"timestamp":"2025-09-25T15:07:59.195001Z","level":"info","event":"sql here","chan":"stdout","logger":"task"}
{"timestamp":"2025-09-25T15:07:59.196416Z","level":"info","event":"Connected to DB","chan":"stdout","logger":"task"}
{"timestamp":"2025-09-25T15:07:59.215217Z","level":"info","event":"successful for artist and track","chan":"stdout","logger":"task"}
{"timestamp":"2025-09-25T15:07:59.230834Z","level":"info","event":"sql here","chan":"stdout","logger":"task"}
{"timestamp":"2025-09-25T15:07:59.232423Z","level":"info","event":"Connected to DB","chan":"stdout","logger":"task"}
{"timestamp":"2025-09-25T15:07:59.248835Z","level":"info","event":"successful for artist and track","chan":"stdout","logger":"task"}
{"timestamp":"2025-09-25T15:07:59.262157Z","level":"info","event":"sql here","chan":"stdout","logger":"task"}
{"timestamp":"2025-09-25T15:07:59.264729Z","level":"info","event":"Connected to DB","chan":"stdout","logger":"task"}
{"timestamp":"2025-09-25T15:07:59.274207Z","level":"info","event":"successful for artist and track","chan":"stdout","logger":"task"}
{"timestamp":"2025-09-25T15:07:59.285910Z","level":"info","event":"sql here","chan":"stdout","logger":"task"}
{"timestamp":"2025-09-25T15:07:59.287382Z","level":"info","event":"Connected to DB","chan":"stdout","logger":"task"}
{"timestamp":"2025-09-25T15:07:59.297834Z","level":"info","event":"successful for artist and track","chan":"stdout","logger":"task"}
{"timestamp":"2025-09-25T15:07:59.314164","level":"info","event":"Done. Returned value was: None","logger":"airflow.task.operators.airflow.providers.standard.operators.python.PythonOperator"}
