{"timestamp":"2025-09-25T14:58:14.101657","level":"info","event":"DAG bundles loaded: dags-folder","logger":"airflow.dag_processing.bundles.manager.DagBundlesManager"}
{"timestamp":"2025-09-25T14:58:14.135344","level":"info","event":"Filling up the DagBag from /opt/airflow/dags/p_spotipy.py","logger":"airflow.models.dagbag.DagBag"}
{"timestamp":"2025-09-25T14:58:28.574639Z","level":"info","event":"sql here","chan":"stdout","logger":"task"}
{"timestamp":"2025-09-25T14:58:28.576092Z","level":"info","event":"Connected to DB","chan":"stdout","logger":"task"}
{"timestamp":"2025-09-25T14:58:28.577269Z","level":"info","event":"successful for artist and track","chan":"stdout","logger":"task"}
{"timestamp":"2025-09-25T14:58:28.577969Z","level":"info","event":"sql here","chan":"stdout","logger":"task"}
{"timestamp":"2025-09-25T14:58:28.580910Z","level":"info","event":"Connected to DB","chan":"stdout","logger":"task"}
{"timestamp":"2025-09-25T14:58:28.582249Z","level":"info","event":"successful for artist and track","chan":"stdout","logger":"task"}
{"timestamp":"2025-09-25T14:58:28.583907Z","level":"info","event":"sql here","chan":"stdout","logger":"task"}
{"timestamp":"2025-09-25T14:58:28.584562Z","level":"info","event":"Connected to DB","chan":"stdout","logger":"task"}
{"timestamp":"2025-09-25T14:58:28.585096Z","level":"info","event":"successful for artist and track","chan":"stdout","logger":"task"}
{"timestamp":"2025-09-25T14:58:28.586886Z","level":"info","event":"sql here","chan":"stdout","logger":"task"}
{"timestamp":"2025-09-25T14:58:28.590010Z","level":"info","event":"Connected to DB","chan":"stdout","logger":"task"}
{"timestamp":"2025-09-25T14:58:28.590855Z","level":"info","event":"successful for artist and track","chan":"stdout","logger":"task"}
{"timestamp":"2025-09-25T14:58:28.592046Z","level":"info","event":"sql here","chan":"stdout","logger":"task"}
{"timestamp":"2025-09-25T14:58:28.593081Z","level":"info","event":"Connected to DB","chan":"stdout","logger":"task"}
{"timestamp":"2025-09-25T14:58:28.593886Z","level":"info","event":"successful for artist and track","chan":"stdout","logger":"task"}
{"timestamp":"2025-09-25T14:58:28.594645Z","level":"info","event":"sql here","chan":"stdout","logger":"task"}
{"timestamp":"2025-09-25T14:58:28.596718Z","level":"info","event":"Connected to DB","chan":"stdout","logger":"task"}
{"timestamp":"2025-09-25T14:58:28.597340Z","level":"info","event":"successful for artist and track","chan":"stdout","logger":"task"}
{"timestamp":"2025-09-25T14:58:28.597949Z","level":"info","event":"sql here","chan":"stdout","logger":"task"}
{"timestamp":"2025-09-25T14:58:28.598423Z","level":"info","event":"Connected to DB","chan":"stdout","logger":"task"}
{"timestamp":"2025-09-25T14:58:28.598846Z","level":"info","event":"successful for artist and track","chan":"stdout","logger":"task"}
{"timestamp":"2025-09-25T14:58:28.600960Z","level":"info","event":"sql here","chan":"stdout","logger":"task"}
{"timestamp":"2025-09-25T14:58:28.601732Z","level":"info","event":"Connected to DB","chan":"stdout","logger":"task"}
{"timestamp":"2025-09-25T14:58:28.602650Z","level":"info","event":"successful for artist and track","chan":"stdout","logger":"task"}
{"timestamp":"2025-09-25T14:58:28.603448Z","level":"info","event":"sql here","chan":"stdout","logger":"task"}
{"timestamp":"2025-09-25T14:58:28.604190Z","level":"info","event":"Connected to DB","chan":"stdout","logger":"task"}
{"timestamp":"2025-09-25T14:58:28.605033Z","level":"info","event":"successful for artist and track","chan":"stdout","logger":"task"}
{"timestamp":"2025-09-25T14:58:28.605651Z","level":"info","event":"sql here","chan":"stdout","logger":"task"}
{"timestamp":"2025-09-25T14:58:28.609684Z","level":"info","event":"Connected to DB","chan":"stdout","logger":"task"}
{"timestamp":"2025-09-25T14:58:28.610778Z","level":"info","event":"successful for artist and track","chan":"stdout","logger":"task"}
{"timestamp":"2025-09-25T14:58:27.606698","level":"info","event":"Done. Returned value was: None","logger":"airflow.task.operators.airflow.providers.standard.operators.python.PythonOperator"}
